{
  "RSpec": {
    "coverage": {
      "/home/samkhur006/Desktop/SE/wallet/app/helpers/application_helper.rb": {
        "lines": [
          1,
          null
        ]
      },
      "/home/samkhur006/Desktop/SE/wallet/app/controllers/passwords_controller.rb": {
        "lines": [
          1,
          1,
          null,
          1,
          null,
          null,
          null,
          1,
          4,
          2,
          null,
          2,
          null,
          null,
          null,
          null,
          1,
          null,
          1,
          4,
          null,
          null
        ]
      },
      "/home/samkhur006/Desktop/SE/wallet/app/controllers/application_controller.rb": {
        "lines": [
          1,
          1,
          null,
          1,
          18,
          7,
          null,
          null,
          null,
          1,
          5,
          null,
          null,
          null,
          null,
          null
        ]
      },
      "/home/samkhur006/Desktop/SE/wallet/app/controllers/registrations_controller.rb": {
        "lines": [
          1,
          1,
          2,
          null,
          null,
          1,
          4,
          4,
          2,
          2,
          null,
          2,
          null,
          null,
          null,
          1,
          null,
          1,
          4,
          null,
          null
        ]
      },
      "/home/samkhur006/Desktop/SE/wallet/app/controllers/sessions_controller.rb": {
        "lines": [
          1,
          1,
          1,
          null,
          null,
          1,
          4,
          4,
          2,
          2,
          null,
          2,
          2,
          null,
          null,
          null,
          1,
          2,
          2,
          null,
          null,
          null
        ]
      },
      "/home/samkhur006/Desktop/SE/wallet/app/models/user.rb": {
        "lines": [
          1,
          1,
          1,
          1,
          null
        ]
      },
      "/home/samkhur006/Desktop/SE/wallet/app/models/application_record.rb": {
        "lines": [
          1,
          1,
          null
        ]
      },
      "/home/samkhur006/Desktop/SE/wallet/app/models/current.rb": {
        "lines": [
          1,
          1,
          null
        ]
      },
      "/home/samkhur006/Desktop/SE/wallet/app/channels/application_cable/channel.rb": {
        "lines": [
          0,
          0,
          0,
          0
        ],
        "branches": {
        }
      },
      "/home/samkhur006/Desktop/SE/wallet/app/channels/application_cable/connection.rb": {
        "lines": [
          0,
          0,
          0,
          0
        ],
        "branches": {
        }
      },
      "/home/samkhur006/Desktop/SE/wallet/app/controllers/about_controller.rb": {
        "lines": [
          0,
          0,
          0,
          0
        ],
        "branches": {
        }
      },
      "/home/samkhur006/Desktop/SE/wallet/app/controllers/contact_controller.rb": {
        "lines": [
          0,
          0,
          0,
          0
        ],
        "branches": {
        }
      },
      "/home/samkhur006/Desktop/SE/wallet/app/controllers/main_controller.rb": {
        "lines": [
          0,
          0,
          0,
          0
        ],
        "branches": {
        }
      },
      "/home/samkhur006/Desktop/SE/wallet/app/controllers/omniauth_callbacks_controller.rb": {
        "lines": [
          null,
          null,
          null,
          null,
          null,
          null,
          null,
          null,
          null,
          null,
          null,
          null,
          null,
          null,
          null,
          null
        ],
        "branches": {
        }
      },
      "/home/samkhur006/Desktop/SE/wallet/app/controllers/password_resets_controller.rb": {
        "lines": [
          null,
          null,
          null,
          null,
          null,
          null,
          null,
          null,
          null,
          null,
          null,
          null,
          null,
          null,
          null,
          null,
          null,
          null,
          null,
          null,
          null,
          null,
          null,
          null,
          null,
          null,
          null,
          null,
          null,
          null,
          null,
          null,
          null,
          null,
          null
        ],
        "branches": {
        }
      },
      "/home/samkhur006/Desktop/SE/wallet/app/controllers/tweets_controller.rb": {
        "lines": [
          null,
          null,
          null,
          null,
          null,
          null,
          null,
          null,
          null,
          null,
          null,
          null,
          null
        ],
        "branches": {
        }
      },
      "/home/samkhur006/Desktop/SE/wallet/app/controllers/twitter_accounts_controller.rb": {
        "lines": [
          0,
          0,
          0,
          null,
          0,
          0,
          0,
          0,
          0,
          0,
          0,
          null,
          0,
          null,
          0,
          0,
          0,
          0
        ],
        "branches": {
        }
      },
      "/home/samkhur006/Desktop/SE/wallet/app/jobs/application_job.rb": {
        "lines": [
          0,
          null,
          null,
          null,
          null,
          null,
          0
        ],
        "branches": {
        }
      },
      "/home/samkhur006/Desktop/SE/wallet/app/mailers/application_mailer.rb": {
        "lines": [
          0,
          0,
          0,
          0
        ],
        "branches": {
        }
      },
      "/home/samkhur006/Desktop/SE/wallet/app/mailers/password_mailer.rb": {
        "lines": [
          0,
          null,
          null,
          null,
          null,
          null,
          null,
          0,
          0,
          null,
          0,
          0,
          0
        ],
        "branches": {
        }
      },
      "/home/samkhur006/Desktop/SE/wallet/app/models/tweet.rb": {
        "lines": [
          null,
          null,
          null,
          null
        ],
        "branches": {
        }
      },
      "/home/samkhur006/Desktop/SE/wallet/app/models/twitter_account.rb": {
        "lines": [
          null,
          null,
          null,
          null,
          null
        ],
        "branches": {
        }
      }
    },
    "timestamp": 1680364914
  }
}
